<?xml version="1.0" encoding="UTF-8"?>
<coverage generated="1741778875866" clover="3.2.0">
  <project timestamp="1741778875866" name="All files">
    <metrics statements="0" coveredstatements="0" conditionals="1" coveredconditionals="1" methods="1" coveredmethods="1" elements="2" coveredelements="2" complexity="0" loc="0" ncloc="0" packages="1" files="1" classes="1"/>
    <file name="arithmeticable.ts" path="/home/usuario/prct06-generics-solid-MarcialAP/src/entregable/arithmeticable.ts">
      <metrics statements="0" coveredstatements="0" conditionals="1" coveredconditionals="1" methods="1" coveredmethods="1"/>
    </file>
  </project>
</coverage>
