{"/home/usuario/prct06-generics-solid-MarcialAP/src/entregable/arithmeticable.ts": {"path":"/home/usuario/prct06-generics-solid-MarcialAP/src/entregable/arithmeticable.ts","all":true,"statementMap":{},"s":{},"branchMap":{"0":{"type":"branch","line":1,"loc":{"start":{"line":1,"column":294},"end":{"line":9,"column":1}},"locations":[{"start":{"line":1,"column":294},"end":{"line":9,"column":1}}]}},"b":{"0":[1]},"fnMap":{"0":{"name":"(empty-report)","decl":{"start":{"line":1,"column":294},"end":{"line":9,"column":1}},"loc":{"start":{"line":1,"column":294},"end":{"line":9,"column":1}},"line":1}},"f":{"0":1}}
}
